Start testing: Apr 24 14:14 CST
----------------------------------------------------------
8/9 Testing: dedup
8/9 Test: dedup
Command: "/home/zmagex/5.Projects/raft_based_kv_storage/my_raftkv/build/bin/test_dedup"
Directory: /home/zmagex/5.Projects/raft_based_kv_storage/my_raftkv/build/tests
"dedup" start time: Apr 24 14:14 CST
Output:
----------------------------------------------------------
Running main() from /build/googletest-j5yxiC/googletest-1.10.0/googletest/src/gtest_main.cc
[==========] Running 4 tests from 1 test suite.
[----------] Global test environment set-up.
[----------] 4 tests from DedupTest
[ RUN      ] DedupTest.DuplicatePutIgnored
[2026-04-24 14:14:57.053] [info] [Node 1] [term=1] [Candidate] starting election
[2026-04-24 14:14:57.056] [info] [Node 2] [term=1] [Follower] stepped down
[2026-04-24 14:14:57.057] [info] [Node 1] [term=1] [Leader] became leader
[2026-04-24 14:14:57.057] [info] [Node 0] [term=1] [Follower] stepped down
[       OK ] DedupTest.DuplicatePutIgnored (757 ms)
[ RUN      ] DedupTest.DuplicateGetReturnsValue
[2026-04-24 14:14:57.770] [info] [Node 2] [term=1] [Candidate] starting election
[2026-04-24 14:14:57.772] [info] [Node 1] [term=1] [Follower] stepped down
[2026-04-24 14:14:57.772] [info] [Node 0] [term=1] [Follower] stepped down
[2026-04-24 14:14:57.773] [info] [Node 2] [term=1] [Leader] became leader
[       OK ] DedupTest.DuplicateGetReturnsValue (660 ms)
[ RUN      ] DedupTest.DifferentClientsSameRequestId
[2026-04-24 14:14:58.451] [info] [Node 0] [term=1] [Candidate] starting election
[2026-04-24 14:14:58.453] [info] [Node 2] [term=1] [Follower] stepped down
[2026-04-24 14:14:58.453] [info] [Node 1] [term=1] [Follower] stepped down
[2026-04-24 14:14:58.454] [info] [Node 0] [term=1] [Leader] became leader
[       OK ] DedupTest.DifferentClientsSameRequestId (455 ms)
[ RUN      ] DedupTest.MonotonicRequestId
[2026-04-24 14:14:58.906] [info] [Node 2] [term=1] [Candidate] starting election
[2026-04-24 14:14:58.908] [info] [Node 0] [term=1] [Follower] stepped down
[2026-04-24 14:14:58.909] [info] [Node 2] [term=1] [Leader] became leader
[2026-04-24 14:14:58.911] [info] [Node 1] [term=1] [Follower] stepped down
[       OK ] DedupTest.MonotonicRequestId (658 ms)
[----------] 4 tests from DedupTest (2531 ms total)

[----------] Global test environment tear-down
[==========] 4 tests from 1 test suite ran. (2531 ms total)
[  PASSED  ] 4 tests.
<end of output>
Test time =   2.54 sec
----------------------------------------------------------
Test Passed.
"dedup" end time: Apr 24 14:14 CST
"dedup" time elapsed: 00:00:02
----------------------------------------------------------

End testing: Apr 24 14:14 CST
