Start testing: Apr 24 00:30 CST
----------------------------------------------------------
8/8 Testing: dedup
8/8 Test: dedup
Command: "/home/zmagex/5.Projects/raft_based_kv_storage/my_raftkv/build/bin/test_dedup"
Directory: /home/zmagex/5.Projects/raft_based_kv_storage/my_raftkv/build/tests
"dedup" start time: Apr 24 00:30 CST
Output:
----------------------------------------------------------
Running main() from /build/googletest-j5yxiC/googletest-1.10.0/googletest/src/gtest_main.cc
[==========] Running 4 tests from 1 test suite.
[----------] Global test environment set-up.
[----------] 4 tests from DedupTest
[ RUN      ] DedupTest.DuplicatePutIgnored
[2026-04-24 00:30:46.976] [info] [Node 2] [term=1] [Candidate] starting election
[2026-04-24 00:30:46.978] [info] [Node 0] [term=1] [Follower] stepped down
[2026-04-24 00:30:46.979] [info] [Node 2] [term=1] [Leader] became leader
[2026-04-24 00:30:46.980] [info] [Node 1] [term=1] [Follower] stepped down
[       OK ] DedupTest.DuplicatePutIgnored (808 ms)
[ RUN      ] DedupTest.DuplicateGetReturnsValue
[2026-04-24 00:30:47.772] [info] [Node 0] [term=1] [Candidate] starting election
[2026-04-24 00:30:47.774] [info] [Node 2] [term=1] [Follower] stepped down
[2026-04-24 00:30:47.774] [info] [Node 1] [term=1] [Follower] stepped down
[2026-04-24 00:30:47.775] [info] [Node 0] [term=1] [Leader] became leader
[       OK ] DedupTest.DuplicateGetReturnsValue (507 ms)
[ RUN      ] DedupTest.DifferentClientsSameRequestId
[2026-04-24 00:30:48.280] [info] [Node 2] [term=1] [Candidate] starting election
[2026-04-24 00:30:48.282] [info] [Node 1] [term=1] [Follower] stepped down
[2026-04-24 00:30:48.282] [info] [Node 0] [term=1] [Follower] stepped down
[2026-04-24 00:30:48.283] [info] [Node 2] [term=1] [Leader] became leader
[       OK ] DedupTest.DifferentClientsSameRequestId (659 ms)
[ RUN      ] DedupTest.MonotonicRequestId
[2026-04-24 00:30:48.969] [info] [Node 1] [term=1] [Candidate] starting election
[2026-04-24 00:30:48.973] [info] [Node 0] [term=1] [Follower] stepped down
[2026-04-24 00:30:48.973] [info] [Node 1] [term=1] [Leader] became leader
[2026-04-24 00:30:48.974] [info] [Node 2] [term=1] [Follower] stepped down
[       OK ] DedupTest.MonotonicRequestId (607 ms)
[----------] 4 tests from DedupTest (2581 ms total)

[----------] Global test environment tear-down
[==========] 4 tests from 1 test suite ran. (2581 ms total)
[  PASSED  ] 4 tests.
<end of output>
Test time =   2.59 sec
----------------------------------------------------------
Test Passed.
"dedup" end time: Apr 24 00:30 CST
"dedup" time elapsed: 00:00:02
----------------------------------------------------------

End testing: Apr 24 00:30 CST
